<?xml version="1.0" encoding="UTF-8"?>
<robot generator="Robot 4.1.3 (Python 3.10.2 on win32)" generated="20220311 14:08:53.679" rpa="false" schemaversion="2">
<suite id="s1" name="Tests" source="C:\Users\User\PycharmProjects\Labb2AddBdd\Tests">
<suite id="s1-s1" name="Labb2CU-VG" source="C:\Users\User\PycharmProjects\Labb2AddBdd\Tests\Labb2CU-VG.robot">
<test id="s1-s1-t1" name="Book A Car On Existing User">
<kw name="Begin Web Test" library="keywords" type="SETUP">
<kw name="Open Browser" library="SeleniumLibrary">
<arg>about:blank</arg>
<arg>chrome</arg>
<doc>Opens a new browser instance to the optional ``url``.</doc>
<msg timestamp="20220311 14:08:53.918" level="INFO">Opening browser 'chrome' to base url 'about:blank'.</msg>
<status status="PASS" starttime="20220311 14:08:53.918" endtime="20220311 14:08:55.229"/>
</kw>
<kw name="Maximize Browser Window" library="SeleniumLibrary">
<doc>Maximizes current browser window.</doc>
<status status="PASS" starttime="20220311 14:08:55.229" endtime="20220311 14:08:55.358"/>
</kw>
<status status="PASS" starttime="20220311 14:08:53.918" endtime="20220311 14:08:55.358"/>
</kw>
<kw name="Given User is on Car Rental Page" library="keywords">
<kw name="Go To" library="SeleniumLibrary">
<arg>${URL}</arg>
<doc>Navigates the current browser window to the provided ``url``.</doc>
<msg timestamp="20220311 14:08:55.361" level="INFO">Opening url 'http://rental1.infotiv.net/'</msg>
<status status="PASS" starttime="20220311 14:08:55.360" endtime="20220311 14:08:55.638"/>
</kw>
<kw name="Wait Until Page Contains" library="SeleniumLibrary">
<arg>When do you want to make your trip?</arg>
<doc>Waits until ``text`` appears on the current page.</doc>
<status status="PASS" starttime="20220311 14:08:55.638" endtime="20220311 14:08:55.672"/>
</kw>
<status status="PASS" starttime="20220311 14:08:55.359" endtime="20220311 14:08:55.672"/>
</kw>
<kw name="And User logs in with valid username and password" library="keywords">
<kw name="Input Text" library="SeleniumLibrary">
<arg>id:email</arg>
<arg>anna.larson@amail.com</arg>
<doc>Types the given ``text`` into the text field identified by ``locator``.</doc>
<msg timestamp="20220311 14:08:55.674" level="INFO">Typing text 'anna.larson@amail.com' into text field 'id:email'.</msg>
<status status="PASS" starttime="20220311 14:08:55.674" endtime="20220311 14:08:55.789"/>
</kw>
<kw name="Input Text" library="SeleniumLibrary">
<arg>id:password</arg>
<arg>robot14</arg>
<doc>Types the given ``text`` into the text field identified by ``locator``.</doc>
<msg timestamp="20220311 14:08:55.790" level="INFO">Typing text 'robot14' into text field 'id:password'.</msg>
<status status="PASS" starttime="20220311 14:08:55.789" endtime="20220311 14:08:55.876"/>
</kw>
<kw name="Click Element" library="SeleniumLibrary">
<arg>id:login</arg>
<doc>Click the element identified by ``locator``.</doc>
<msg timestamp="20220311 14:08:55.877" level="INFO">Clicking element 'id:login'.</msg>
<status status="PASS" starttime="20220311 14:08:55.876" endtime="20220311 14:08:56.055"/>
</kw>
<status status="PASS" starttime="20220311 14:08:55.673" endtime="20220311 14:08:56.055"/>
</kw>
<kw name="And User is logged in on Car Selection Page" library="keywords">
<kw name="Wait Until Page Contains" library="SeleniumLibrary">
<arg>You are signed in as Anna</arg>
<doc>Waits until ``text`` appears on the current page.</doc>
<status status="PASS" starttime="20220311 14:08:56.056" endtime="20220311 14:08:56.068"/>
</kw>
<status status="PASS" starttime="20220311 14:08:56.055" endtime="20220311 14:08:56.069"/>
</kw>
<kw name="And User chooses a valid date on Date Selection Page" library="keywords">
<kw name="Click Element" library="SeleniumLibrary">
<arg>id:continue</arg>
<doc>Click the element identified by ``locator``.</doc>
<msg timestamp="20220311 14:08:56.069" level="INFO">Clicking element 'id:continue'.</msg>
<status status="PASS" starttime="20220311 14:08:56.069" endtime="20220311 14:08:56.268"/>
</kw>
<kw name="Wait Until Page Contains" library="SeleniumLibrary">
<arg>What would you like to drive?</arg>
<doc>Waits until ``text`` appears on the current page.</doc>
<status status="PASS" starttime="20220311 14:08:56.268" endtime="20220311 14:08:56.280"/>
</kw>
<status status="PASS" starttime="20220311 14:08:56.069" endtime="20220311 14:08:56.280"/>
</kw>
<kw name="When User clicks buttom to book a Audi Q7" library="keywords">
<kw name="Click Element" library="SeleniumLibrary">
<arg>id:filterMakeHolder</arg>
<doc>Click the element identified by ``locator``.</doc>
<msg timestamp="20220311 14:08:56.281" level="INFO">Clicking element 'id:filterMakeHolder'.</msg>
<status status="PASS" starttime="20220311 14:08:56.281" endtime="20220311 14:08:56.319"/>
</kw>
<kw name="Click Element" library="SeleniumLibrary">
<arg>id:ms-opt-1</arg>
<doc>Click the element identified by ``locator``.</doc>
<msg timestamp="20220311 14:08:56.320" level="INFO">Clicking element 'id:ms-opt-1'.</msg>
<status status="PASS" starttime="20220311 14:08:56.319" endtime="20220311 14:08:56.376"/>
</kw>
<kw name="Click Element" library="SeleniumLibrary">
<arg>id:filterPassHolder</arg>
<doc>Click the element identified by ``locator``.</doc>
<msg timestamp="20220311 14:08:56.376" level="INFO">Clicking element 'id:filterPassHolder'.</msg>
<status status="PASS" starttime="20220311 14:08:56.376" endtime="20220311 14:08:56.424"/>
</kw>
<kw name="Click Element" library="SeleniumLibrary">
<arg>id:ms-opt-6</arg>
<doc>Click the element identified by ``locator``.</doc>
<msg timestamp="20220311 14:08:56.424" level="INFO">Clicking element 'id:ms-opt-6'.</msg>
<status status="PASS" starttime="20220311 14:08:56.424" endtime="20220311 14:08:56.466"/>
</kw>
<kw name="Wait Until Page Contains Element" library="SeleniumLibrary">
<arg>id:carSelect3</arg>
<doc>Waits until the element ``locator`` appears on the current page.</doc>
<status status="PASS" starttime="20220311 14:08:56.466" endtime="20220311 14:08:56.476"/>
</kw>
<kw name="Click Element" library="SeleniumLibrary">
<arg>id:carSelect3</arg>
<doc>Click the element identified by ``locator``.</doc>
<msg timestamp="20220311 14:08:56.476" level="INFO">Clicking element 'id:carSelect3'.</msg>
<msg timestamp="20220311 14:08:56.646" level="INFO" html="true">&lt;/td&gt;&lt;/tr&gt;&lt;tr&gt;&lt;td colspan="3"&gt;&lt;a href="selenium-screenshot-30.png"&gt;&lt;img src="selenium-screenshot-30.png" width="800px"&gt;&lt;/a&gt;</msg>
<msg timestamp="20220311 14:08:56.652" level="FAIL">StaleElementReferenceException: Message: stale element reference: element is not attached to the page document
  (Session info: chrome=99.0.4844.51)
Stacktrace:
Backtrace:
	Ordinal0 [0x010469A3+2582947]
	Ordinal0 [0x00FDA6D1+2139857]
	Ordinal0 [0x00ED3A98+1063576]
	Ordinal0 [0x00ED62B7+1073847]
	Ordinal0 [0x00ED617E+1073534]
	Ordinal0 [0x00ED63F0+1074160]
	Ordinal0 [0x00F017FC+1251324]
	Ordinal0 [0x00EF6A76+1206902]
	Ordinal0 [0x00F1854C+1344844]
	Ordinal0 [0x00EF6524+1205540]
	Ordinal0 [0x00F186A4+1345188]
	Ordinal0 [0x00F2834A+1409866]
	Ordinal0 [0x00F18366+1344358]
	Ordinal0 [0x00EF5176+1200502]
	Ordinal0 [0x00EF6066+1204326]
	GetHandleVerifier [0x011EBE02+1675858]
	GetHandleVerifier [0x012A036C+2414524]
	GetHandleVerifier [0x010DBB01+560977]
	GetHandleVerifier [0x010DA8D3+556323]
	Ordinal0 [0x00FE020E+2163214]
	Ordinal0 [0x00FE5078+2183288]
	Ordinal0 [0x00FE51C0+2183616]
	Ordinal0 [0x00FEEE1C+2223644]
	BaseThreadInitThunk [0x76606739+25]
	RtlGetFullPathName_UEx [0x77698E7F+1215]
	RtlGetFullPathName_UEx [0x77698E4D+1165]
</msg>
<status status="FAIL" starttime="20220311 14:08:56.476" endtime="20220311 14:08:56.653"/>
</kw>
<status status="FAIL" starttime="20220311 14:08:56.281" endtime="20220311 14:08:56.653"/>
</kw>
<kw name="And User enters a valid Card" library="keywords">
<status status="NOT RUN" starttime="20220311 14:08:56.654" endtime="20220311 14:08:56.654"/>
</kw>
<kw name="Then User get booking message" library="keywords">
<status status="NOT RUN" starttime="20220311 14:08:56.654" endtime="20220311 14:08:56.654"/>
</kw>
<kw name="And User clicks button My page" library="keywords">
<status status="NOT RUN" starttime="20220311 14:08:56.654" endtime="20220311 14:08:56.654"/>
</kw>
<kw name="And User clicks buttom Cancel booking" library="keywords">
<status status="NOT RUN" starttime="20220311 14:08:56.654" endtime="20220311 14:08:56.654"/>
</kw>
<kw name="And User get unbooked message" library="keywords">
<status status="NOT RUN" starttime="20220311 14:08:56.654" endtime="20220311 14:08:56.654"/>
</kw>
<kw name="Check if car is unbooked" library="keywords" type="TEARDOWN">
<kw name="Wait Until Page Contains" library="SeleniumLibrary">
<arg>You have no bookings</arg>
<doc>Waits until ``text`` appears on the current page.</doc>
<msg timestamp="20220311 14:09:02.036" level="INFO" html="true">&lt;/td&gt;&lt;/tr&gt;&lt;tr&gt;&lt;td colspan="3"&gt;&lt;a href="selenium-screenshot-31.png"&gt;&lt;img src="selenium-screenshot-31.png" width="800px"&gt;&lt;/a&gt;</msg>
<msg timestamp="20220311 14:09:02.044" level="FAIL">Text 'You have no bookings' did not appear in 5 seconds.</msg>
<status status="FAIL" starttime="20220311 14:08:56.655" endtime="20220311 14:09:02.044"/>
</kw>
<status status="FAIL" starttime="20220311 14:08:56.655" endtime="20220311 14:09:02.045">Text 'You have no bookings' did not appear in 5 seconds.</status>
</kw>
<doc>Gherkin based BDD test of booking process on an existing user</doc>
<tag>VG_CU</tag>
<status status="FAIL" starttime="20220311 14:08:53.916" endtime="20220311 14:09:02.046">StaleElementReferenceException: Message: stale element reference: element is not attached to the page document
  (Session info: chrome=99.0.4844.51)
Stacktrace:
Backtrace:
	Ordinal0 [0x010469A3+2582947]
	Ordinal0 [0x00FDA6D1+2139857]
	Ordinal0 [0x00ED3A98+1063576]
	Ordinal0 [0x00ED62B7+1073847]
	Ordinal0 [0x00ED617E+1073534]
	Ordinal0 [0x00ED63F0+1074160]
	Ordinal0 [0x00F017FC+1251324]
	Ordinal0 [0x00EF6A76+1206902]
	Ordinal0 [0x00F1854C+1344844]
	Ordinal0 [0x00EF6524+1205540]
	Ordinal0 [0x00F186A4+1345188]
	Ordinal0 [0x00F2834A+1409866]
	Ordinal0 [0x00F18366+1344358]
	Ordinal0 [0x00EF5176+1200502]
	Ordinal0 [0x00EF6066+1204326]
	GetHandleVerifier [0x011EBE02+1675858]
	GetHandleVerifier [0x012A036C+2414524]
	GetHandleVerifier [0x010DBB01+560977]
	GetHandleVerifier [0x010DA8D3+556323]
	Ordinal0 [0x00FE020E+2163214]
	Ordinal0 [0x00FE5078+2183288]
	Ordinal0 [0x00FE51C0+2183616]
	Ordinal0 [0x00FEEE1C+2223644]
	BaseThreadInitThunk [0x76606739+25]
	RtlGetFullPathName_UEx [0x77698E7F+1215]
	RtlGetFullPathName_UEx [0x77698E4D+1165]


Also teardown failed:
Text 'You have no bookings' did not appear in 5 seconds.</status>
</test>
<kw name="End Web Test" library="keywords" type="TEARDOWN">
<kw name="Close Browser" library="SeleniumLibrary">
<doc>Closes the current browser.</doc>
<status status="PASS" starttime="20220311 14:09:02.053" endtime="20220311 14:09:04.233"/>
</kw>
<status status="PASS" starttime="20220311 14:09:02.053" endtime="20220311 14:09:04.234"/>
</kw>
<doc>Test cases for assignment in the course 'Automatiserad testning'
Testing car rental web page rental1.infotiv.net</doc>
<status status="FAIL" starttime="20220311 14:08:53.703" endtime="20220311 14:09:04.234"/>
</suite>
<suite id="s1-s2" name="Labb2CU" source="C:\Users\User\PycharmProjects\Labb2AddBdd\Tests\Labb2CU.robot">
<kw name="Begin Web Test" library="keywords" type="SETUP">
<kw name="Open Browser" library="SeleniumLibrary">
<arg>about:blank</arg>
<arg>chrome</arg>
<doc>Opens a new browser instance to the optional ``url``.</doc>
<msg timestamp="20220311 14:09:04.265" level="INFO">Opening browser 'chrome' to base url 'about:blank'.</msg>
<status status="PASS" starttime="20220311 14:09:04.264" endtime="20220311 14:09:05.632"/>
</kw>
<kw name="Maximize Browser Window" library="SeleniumLibrary">
<doc>Maximizes current browser window.</doc>
<status status="PASS" starttime="20220311 14:09:05.632" endtime="20220311 14:09:05.765"/>
</kw>
<status status="PASS" starttime="20220311 14:09:04.264" endtime="20220311 14:09:05.765"/>
</kw>
<test id="s1-s2-t1" name="Open Web Page And Verify">
<kw name="Navigate To Infotiv Car Rental Web Page" library="keywords" type="SETUP">
<kw name="Go To" library="SeleniumLibrary">
<arg>${URL}</arg>
<doc>Navigates the current browser window to the provided ``url``.</doc>
<msg timestamp="20220311 14:09:05.769" level="INFO">Opening url 'http://rental1.infotiv.net/'</msg>
<status status="PASS" starttime="20220311 14:09:05.769" endtime="20220311 14:09:05.952"/>
</kw>
<kw name="Wait Until Page Contains" library="SeleniumLibrary">
<arg>When do you want to make your trip?</arg>
<doc>Waits until ``text`` appears on the current page.</doc>
<status status="PASS" starttime="20220311 14:09:05.953" endtime="20220311 14:09:05.967"/>
</kw>
<status status="PASS" starttime="20220311 14:09:05.768" endtime="20220311 14:09:05.967"/>
</kw>
<kw name="Navigate To Infotiv Car Rental Web Page" library="keywords">
<kw name="Go To" library="SeleniumLibrary">
<arg>${URL}</arg>
<doc>Navigates the current browser window to the provided ``url``.</doc>
<msg timestamp="20220311 14:09:05.970" level="INFO">Opening url 'http://rental1.infotiv.net/'</msg>
<status status="PASS" starttime="20220311 14:09:05.969" endtime="20220311 14:09:06.012"/>
</kw>
<kw name="Wait Until Page Contains" library="SeleniumLibrary">
<arg>When do you want to make your trip?</arg>
<doc>Waits until ``text`` appears on the current page.</doc>
<status status="PASS" starttime="20220311 14:09:06.012" endtime="20220311 14:09:06.025"/>
</kw>
<status status="PASS" starttime="20220311 14:09:05.968" endtime="20220311 14:09:06.026"/>
</kw>
<doc>Undefined basic requirement: Web page is up and running.</doc>
<tag>Smoke</tag>
<status status="PASS" starttime="20220311 14:09:05.766" endtime="20220311 14:09:06.026"/>
</test>
<test id="s1-s2-t2" name="Check Default Date On Start Page">
<kw name="Navigate To Infotiv Car Rental Web Page" library="keywords" type="SETUP">
<kw name="Go To" library="SeleniumLibrary">
<arg>${URL}</arg>
<doc>Navigates the current browser window to the provided ``url``.</doc>
<msg timestamp="20220311 14:09:06.030" level="INFO">Opening url 'http://rental1.infotiv.net/'</msg>
<status status="PASS" starttime="20220311 14:09:06.030" endtime="20220311 14:09:06.068"/>
</kw>
<kw name="Wait Until Page Contains" library="SeleniumLibrary">
<arg>When do you want to make your trip?</arg>
<doc>Waits until ``text`` appears on the current page.</doc>
<status status="PASS" starttime="20220311 14:09:06.069" endtime="20220311 14:09:06.080"/>
</kw>
<status status="PASS" starttime="20220311 14:09:06.030" endtime="20220311 14:09:06.080"/>
</kw>
<kw name="Compare Date Value On Page With Current Date" library="keywords">
<kw name="Get Time" library="BuiltIn">
<var>${yyyy}</var>
<var>${mm}</var>
<var>${dd}</var>
<arg>year,month,day</arg>
<doc>Returns the given time in the requested format.</doc>
<msg timestamp="20220311 14:09:06.084" level="INFO">${yyyy} = 2022</msg>
<msg timestamp="20220311 14:09:06.084" level="INFO">${mm} = 03</msg>
<msg timestamp="20220311 14:09:06.084" level="INFO">${dd} = 11</msg>
<status status="PASS" starttime="20220311 14:09:06.082" endtime="20220311 14:09:06.084"/>
</kw>
<kw name="Get Value" library="SeleniumLibrary">
<var>${dateshown}</var>
<arg>id:start</arg>
<doc>Returns the value attribute of the element identified by ``locator``.</doc>
<msg timestamp="20220311 14:09:06.117" level="INFO">${dateshown} = 2022-03-11</msg>
<status status="PASS" starttime="20220311 14:09:06.085" endtime="20220311 14:09:06.117"/>
</kw>
<kw name="Should Be Equal" library="BuiltIn">
<arg>${dateshown}</arg>
<arg>${yyyy}-${mm}-${dd}</arg>
<doc>Fails if the given objects are unequal.</doc>
<status status="PASS" starttime="20220311 14:09:06.117" endtime="20220311 14:09:06.119"/>
</kw>
<status status="PASS" starttime="20220311 14:09:06.081" endtime="20220311 14:09:06.119"/>
</kw>
<doc>Requirement: On the date selection page[...]. The default values will always be put as todays date.</doc>
<tag>DateSelection</tag>
<status status="PASS" starttime="20220311 14:09:06.029" endtime="20220311 14:09:06.119"/>
</test>
<test id="s1-s2-t3" name="Choose Date And Continue To Car Selection Page">
<kw name="Navigate To Infotiv Car Rental Web Page" library="keywords" type="SETUP">
<kw name="Go To" library="SeleniumLibrary">
<arg>${URL}</arg>
<doc>Navigates the current browser window to the provided ``url``.</doc>
<msg timestamp="20220311 14:09:06.123" level="INFO">Opening url 'http://rental1.infotiv.net/'</msg>
<status status="PASS" starttime="20220311 14:09:06.123" endtime="20220311 14:09:06.164"/>
</kw>
<kw name="Wait Until Page Contains" library="SeleniumLibrary">
<arg>When do you want to make your trip?</arg>
<doc>Waits until ``text`` appears on the current page.</doc>
<status status="PASS" starttime="20220311 14:09:06.164" endtime="20220311 14:09:06.170"/>
</kw>
<status status="PASS" starttime="20220311 14:09:06.123" endtime="20220311 14:09:06.171"/>
</kw>
<kw name="Choose current date and continue" library="keywords">
<kw name="Compare Date Value On Page With Current Date" library="keywords">
<kw name="Get Time" library="BuiltIn">
<var>${yyyy}</var>
<var>${mm}</var>
<var>${dd}</var>
<arg>year,month,day</arg>
<doc>Returns the given time in the requested format.</doc>
<msg timestamp="20220311 14:09:06.175" level="INFO">${yyyy} = 2022</msg>
<msg timestamp="20220311 14:09:06.176" level="INFO">${mm} = 03</msg>
<msg timestamp="20220311 14:09:06.176" level="INFO">${dd} = 11</msg>
<status status="PASS" starttime="20220311 14:09:06.174" endtime="20220311 14:09:06.176"/>
</kw>
<kw name="Get Value" library="SeleniumLibrary">
<var>${dateshown}</var>
<arg>id:start</arg>
<doc>Returns the value attribute of the element identified by ``locator``.</doc>
<msg timestamp="20220311 14:09:06.203" level="INFO">${dateshown} = 2022-03-11</msg>
<status status="PASS" starttime="20220311 14:09:06.176" endtime="20220311 14:09:06.203"/>
</kw>
<kw name="Should Be Equal" library="BuiltIn">
<arg>${dateshown}</arg>
<arg>${yyyy}-${mm}-${dd}</arg>
<doc>Fails if the given objects are unequal.</doc>
<status status="PASS" starttime="20220311 14:09:06.203" endtime="20220311 14:09:06.204"/>
</kw>
<status status="PASS" starttime="20220311 14:09:06.172" endtime="20220311 14:09:06.205"/>
</kw>
<kw name="Click Element" library="SeleniumLibrary">
<arg>id:continue</arg>
<doc>Click the element identified by ``locator``.</doc>
<msg timestamp="20220311 14:09:06.206" level="INFO">Clicking element 'id:continue'.</msg>
<status status="PASS" starttime="20220311 14:09:06.205" endtime="20220311 14:09:06.396"/>
</kw>
<kw name="Wait Until Page Contains" library="SeleniumLibrary">
<arg>What would you like to drive?</arg>
<doc>Waits until ``text`` appears on the current page.</doc>
<status status="PASS" starttime="20220311 14:09:06.396" endtime="20220311 14:09:06.409"/>
</kw>
<status status="PASS" starttime="20220311 14:09:06.172" endtime="20220311 14:09:06.409"/>
</kw>
<doc>Requirement: If valid dates are inputted, the Continue button will take the user to the car selection page.</doc>
<tag>DateSelection</tag>
<status status="PASS" starttime="20220311 14:09:06.121" endtime="20220311 14:09:06.411"/>
</test>
<test id="s1-s2-t4" name="Check System Alert When User Chooses Filters Without Valid Results">
<kw name="Navigate To Infotiv Car Rental Web Page" library="keywords" type="SETUP">
<kw name="Go To" library="SeleniumLibrary">
<arg>${URL}</arg>
<doc>Navigates the current browser window to the provided ``url``.</doc>
<msg timestamp="20220311 14:09:06.416" level="INFO">Opening url 'http://rental1.infotiv.net/'</msg>
<status status="PASS" starttime="20220311 14:09:06.416" endtime="20220311 14:09:06.450"/>
</kw>
<kw name="Wait Until Page Contains" library="SeleniumLibrary">
<arg>When do you want to make your trip?</arg>
<doc>Waits until ``text`` appears on the current page.</doc>
<status status="PASS" starttime="20220311 14:09:06.451" endtime="20220311 14:09:06.461"/>
</kw>
<status status="PASS" starttime="20220311 14:09:06.415" endtime="20220311 14:09:06.462"/>
</kw>
<kw name="Choose current date and continue" library="keywords">
<kw name="Compare Date Value On Page With Current Date" library="keywords">
<kw name="Get Time" library="BuiltIn">
<var>${yyyy}</var>
<var>${mm}</var>
<var>${dd}</var>
<arg>year,month,day</arg>
<doc>Returns the given time in the requested format.</doc>
<msg timestamp="20220311 14:09:06.464" level="INFO">${yyyy} = 2022</msg>
<msg timestamp="20220311 14:09:06.464" level="INFO">${mm} = 03</msg>
<msg timestamp="20220311 14:09:06.464" level="INFO">${dd} = 11</msg>
<status status="PASS" starttime="20220311 14:09:06.463" endtime="20220311 14:09:06.465"/>
</kw>
<kw name="Get Value" library="SeleniumLibrary">
<var>${dateshown}</var>
<arg>id:start</arg>
<doc>Returns the value attribute of the element identified by ``locator``.</doc>
<msg timestamp="20220311 14:09:06.488" level="INFO">${dateshown} = 2022-03-11</msg>
<status status="PASS" starttime="20220311 14:09:06.465" endtime="20220311 14:09:06.489"/>
</kw>
<kw name="Should Be Equal" library="BuiltIn">
<arg>${dateshown}</arg>
<arg>${yyyy}-${mm}-${dd}</arg>
<doc>Fails if the given objects are unequal.</doc>
<status status="PASS" starttime="20220311 14:09:06.490" endtime="20220311 14:09:06.491"/>
</kw>
<status status="PASS" starttime="20220311 14:09:06.463" endtime="20220311 14:09:06.491"/>
</kw>
<kw name="Click Element" library="SeleniumLibrary">
<arg>id:continue</arg>
<doc>Click the element identified by ``locator``.</doc>
<msg timestamp="20220311 14:09:06.492" level="INFO">Clicking element 'id:continue'.</msg>
<status status="PASS" starttime="20220311 14:09:06.492" endtime="20220311 14:09:06.618"/>
</kw>
<kw name="Wait Until Page Contains" library="SeleniumLibrary">
<arg>What would you like to drive?</arg>
<doc>Waits until ``text`` appears on the current page.</doc>
<status status="PASS" starttime="20220311 14:09:06.618" endtime="20220311 14:09:06.627"/>
</kw>
<status status="PASS" starttime="20220311 14:09:06.463" endtime="20220311 14:09:06.627"/>
</kw>
<kw name="Filter Make Volvo" library="keywords">
<kw name="Click Element" library="SeleniumLibrary">
<arg>id:filterMakeHolder</arg>
<doc>Click the element identified by ``locator``.</doc>
<msg timestamp="20220311 14:09:06.629" level="INFO">Clicking element 'id:filterMakeHolder'.</msg>
<status status="PASS" starttime="20220311 14:09:06.628" endtime="20220311 14:09:06.664"/>
</kw>
<kw name="Click Element" library="SeleniumLibrary">
<arg>id:ms-opt-4</arg>
<doc>Click the element identified by ``locator``.</doc>
<msg timestamp="20220311 14:09:06.665" level="INFO">Clicking element 'id:ms-opt-4'.</msg>
<status status="PASS" starttime="20220311 14:09:06.665" endtime="20220311 14:09:06.712"/>
</kw>
<status status="PASS" starttime="20220311 14:09:06.628" endtime="20220311 14:09:06.712"/>
</kw>
<kw name="Filter Two Passengers" library="keywords">
<kw name="Click Element" library="SeleniumLibrary">
<arg>id:filterPassHolder</arg>
<doc>Click the element identified by ``locator``.</doc>
<msg timestamp="20220311 14:09:06.714" level="INFO">Clicking element 'id:filterPassHolder'.</msg>
<status status="PASS" starttime="20220311 14:09:06.713" endtime="20220311 14:09:06.758"/>
</kw>
<kw name="Click Element" library="SeleniumLibrary">
<arg>id:ms-opt-5</arg>
<doc>Click the element identified by ``locator``.</doc>
<msg timestamp="20220311 14:09:06.759" level="INFO">Clicking element 'id:ms-opt-5'.</msg>
<status status="PASS" starttime="20220311 14:09:06.759" endtime="20220311 14:09:06.803"/>
</kw>
<status status="PASS" starttime="20220311 14:09:06.713" endtime="20220311 14:09:06.803"/>
</kw>
<kw name="Wait Until Page Contains" library="SeleniumLibrary">
<arg>No cars with selected filters. Please edit filter selection</arg>
<doc>Waits until ``text`` appears on the current page.</doc>
<status status="PASS" starttime="20220311 14:09:06.804" endtime="20220311 14:09:07.028"/>
</kw>
<doc>Requirement: If no car meets the selected filter criterias, a message asks the user to try a different selection</doc>
<tag>CarSelection</tag>
<status status="PASS" starttime="20220311 14:09:06.412" endtime="20220311 14:09:07.030"/>
</test>
<test id="s1-s2-t5" name="Check Alert Message Asking User To Sign In Before Booking Car">
<kw name="Navigate To Infotiv Car Rental Web Page" library="keywords" type="SETUP">
<kw name="Go To" library="SeleniumLibrary">
<arg>${URL}</arg>
<doc>Navigates the current browser window to the provided ``url``.</doc>
<msg timestamp="20220311 14:09:07.036" level="INFO">Opening url 'http://rental1.infotiv.net/'</msg>
<status status="PASS" starttime="20220311 14:09:07.035" endtime="20220311 14:09:07.076"/>
</kw>
<kw name="Wait Until Page Contains" library="SeleniumLibrary">
<arg>When do you want to make your trip?</arg>
<doc>Waits until ``text`` appears on the current page.</doc>
<status status="PASS" starttime="20220311 14:09:07.076" endtime="20220311 14:09:07.084"/>
</kw>
<status status="PASS" starttime="20220311 14:09:07.035" endtime="20220311 14:09:07.085"/>
</kw>
<kw name="Choose current date and continue" library="keywords">
<kw name="Compare Date Value On Page With Current Date" library="keywords">
<kw name="Get Time" library="BuiltIn">
<var>${yyyy}</var>
<var>${mm}</var>
<var>${dd}</var>
<arg>year,month,day</arg>
<doc>Returns the given time in the requested format.</doc>
<msg timestamp="20220311 14:09:07.088" level="INFO">${yyyy} = 2022</msg>
<msg timestamp="20220311 14:09:07.088" level="INFO">${mm} = 03</msg>
<msg timestamp="20220311 14:09:07.088" level="INFO">${dd} = 11</msg>
<status status="PASS" starttime="20220311 14:09:07.087" endtime="20220311 14:09:07.088"/>
</kw>
<kw name="Get Value" library="SeleniumLibrary">
<var>${dateshown}</var>
<arg>id:start</arg>
<doc>Returns the value attribute of the element identified by ``locator``.</doc>
<msg timestamp="20220311 14:09:07.107" level="INFO">${dateshown} = 2022-03-11</msg>
<status status="PASS" starttime="20220311 14:09:07.089" endtime="20220311 14:09:07.107"/>
</kw>
<kw name="Should Be Equal" library="BuiltIn">
<arg>${dateshown}</arg>
<arg>${yyyy}-${mm}-${dd}</arg>
<doc>Fails if the given objects are unequal.</doc>
<status status="PASS" starttime="20220311 14:09:07.107" endtime="20220311 14:09:07.108"/>
</kw>
<status status="PASS" starttime="20220311 14:09:07.087" endtime="20220311 14:09:07.109"/>
</kw>
<kw name="Click Element" library="SeleniumLibrary">
<arg>id:continue</arg>
<doc>Click the element identified by ``locator``.</doc>
<msg timestamp="20220311 14:09:07.110" level="INFO">Clicking element 'id:continue'.</msg>
<status status="PASS" starttime="20220311 14:09:07.109" endtime="20220311 14:09:07.240"/>
</kw>
<kw name="Wait Until Page Contains" library="SeleniumLibrary">
<arg>What would you like to drive?</arg>
<doc>Waits until ``text`` appears on the current page.</doc>
<status status="PASS" starttime="20220311 14:09:07.240" endtime="20220311 14:09:07.250"/>
</kw>
<status status="PASS" starttime="20220311 14:09:07.086" endtime="20220311 14:09:07.250"/>
</kw>
<kw name="Filter Make Volvo" library="keywords">
<kw name="Click Element" library="SeleniumLibrary">
<arg>id:filterMakeHolder</arg>
<doc>Click the element identified by ``locator``.</doc>
<msg timestamp="20220311 14:09:07.251" level="INFO">Clicking element 'id:filterMakeHolder'.</msg>
<status status="PASS" starttime="20220311 14:09:07.251" endtime="20220311 14:09:07.283"/>
</kw>
<kw name="Click Element" library="SeleniumLibrary">
<arg>id:ms-opt-4</arg>
<doc>Click the element identified by ``locator``.</doc>
<msg timestamp="20220311 14:09:07.284" level="INFO">Clicking element 'id:ms-opt-4'.</msg>
<status status="PASS" starttime="20220311 14:09:07.283" endtime="20220311 14:09:07.327"/>
</kw>
<status status="PASS" starttime="20220311 14:09:07.251" endtime="20220311 14:09:07.327"/>
</kw>
<kw name="Filter Five Passengers" library="keywords">
<kw name="Click Element" library="SeleniumLibrary">
<arg>id:filterPassHolder</arg>
<doc>Click the element identified by ``locator``.</doc>
<msg timestamp="20220311 14:09:07.328" level="INFO">Clicking element 'id:filterPassHolder'.</msg>
<status status="PASS" starttime="20220311 14:09:07.328" endtime="20220311 14:09:07.367"/>
</kw>
<kw name="Click Element" library="SeleniumLibrary">
<arg>id:ms-opt-6</arg>
<doc>Click the element identified by ``locator``.</doc>
<msg timestamp="20220311 14:09:07.368" level="INFO">Clicking element 'id:ms-opt-6'.</msg>
<status status="PASS" starttime="20220311 14:09:07.368" endtime="20220311 14:09:07.407"/>
</kw>
<status status="PASS" starttime="20220311 14:09:07.328" endtime="20220311 14:09:07.408"/>
</kw>
<kw name="Book First Car In Filtered List" library="keywords">
<kw name="Wait Until Page Contains Element" library="SeleniumLibrary">
<arg>id:carSelect1</arg>
<doc>Waits until the element ``locator`` appears on the current page.</doc>
<status status="PASS" starttime="20220311 14:09:07.409" endtime="20220311 14:09:07.419"/>
</kw>
<kw name="Click Element" library="SeleniumLibrary">
<arg>id:carSelect1</arg>
<doc>Click the element identified by ``locator``.</doc>
<msg timestamp="20220311 14:09:07.421" level="INFO">Clicking element 'id:carSelect1'.</msg>
<status status="PASS" starttime="20220311 14:09:07.419" endtime="20220311 14:09:07.472"/>
</kw>
<status status="PASS" starttime="20220311 14:09:07.408" endtime="20220311 14:09:07.472"/>
</kw>
<kw name="Alert Should Be Present" library="SeleniumLibrary">
<arg>You need to be logged in to continue.</arg>
<doc>Verifies that an alert is present and by default, accepts it.</doc>
<msg timestamp="20220311 14:09:07.473" level="INFO">HANDLE::&lt;class 'NoneType'&gt;::None</msg>
<status status="PASS" starttime="20220311 14:09:07.473" endtime="20220311 14:09:07.480"/>
</kw>
<doc>Requirement: If the user is not signed in when pressing the book button, an alert box will appear asking the user to sign in before proceeding.</doc>
<tag>CarSelection</tag>
<status status="PASS" starttime="20220311 14:09:07.033" endtime="20220311 14:09:07.481"/>
</test>
<kw name="End Web Test" library="keywords" type="TEARDOWN">
<kw name="Close Browser" library="SeleniumLibrary">
<doc>Closes the current browser.</doc>
<status status="PASS" starttime="20220311 14:09:07.485" endtime="20220311 14:09:09.610"/>
</kw>
<status status="PASS" starttime="20220311 14:09:07.484" endtime="20220311 14:09:09.610"/>
</kw>
<doc>Test cases for assignment in the course 'Automatiserad testning'
Testing car rental web page rental1.infotiv.net</doc>
<status status="PASS" starttime="20220311 14:09:04.238" endtime="20220311 14:09:09.610"/>
</suite>
<status status="FAIL" starttime="20220311 14:08:53.680" endtime="20220311 14:09:09.617"/>
</suite>
<statistics>
<total>
<stat pass="5" fail="1" skip="0">All Tests</stat>
</total>
<tag>
<stat pass="2" fail="0" skip="0">CarSelection</stat>
<stat pass="2" fail="0" skip="0">DateSelection</stat>
<stat pass="1" fail="0" skip="0">Smoke</stat>
<stat pass="0" fail="1" skip="0">VG_CU</stat>
</tag>
<suite>
<stat pass="5" fail="1" skip="0" id="s1" name="Tests">Tests</stat>
<stat pass="0" fail="1" skip="0" id="s1-s1" name="Labb2CU-VG">Tests.Labb2CU-VG</stat>
<stat pass="5" fail="0" skip="0" id="s1-s2" name="Labb2CU">Tests.Labb2CU</stat>
</suite>
</statistics>
<errors>
</errors>
</robot>
